nohup: ignoring input

> k12-cms-frontend@0.1.0 dev
> next dev

  ▲ Next.js 14.2.33
  - Local:        http://localhost:3000

 ✓ Starting...
 ✓ Ready in 1603ms
 ○ Compiling /_error ...
 ✓ Compiled /_error in 2.8s (276 modules)
 GET /_next/static/webpack/1f8bef461b1789e3.webpack.hot-update.json 404 in 2861ms
 ⚠ Fast Refresh had to perform a full reload. Read more: https://nextjs.org/docs/messages/fast-refresh-reload
 ○ Compiling /admin/login ...
 ✓ Compiled /admin/login in 520ms (342 modules)
 GET /_next/static/webpack/1f8bef461b1789e3.webpack.hot-update.json 404 in 157ms
 GET /admin/login 200 in 595ms
 ⚠ Fast Refresh had to perform a full reload. Read more: https://nextjs.org/docs/messages/fast-refresh-reload
 GET /admin/login 200 in 8ms
 ○ Compiling / ...
 ✓ Compiled / in 703ms (319 modules)
 GET / 200 in 798ms
 ✓ Compiled /admin/login in 151ms (365 modules)
 GET /admin/login 200 in 206ms
 GET / 200 in 12ms
 GET /admin/login 200 in 9ms
 ✓ Compiled in 194ms (340 modules)
 ✓ Compiled in 609ms (340 modules)
 ✓ Compiled in 1056ms (340 modules)
 ✓ Compiled in 275ms (340 modules)
 ✓ Compiled in 305ms (340 modules)
 ✓ Compiled in 136ms (340 modules)
 GET /admin/login 200 in 33ms
 GET /admin/login 200 in 7ms
 ⨯ ./pages/admin/login.js:4:1
Module not found: Can't resolve '@mui/material/Box'
[0m [90m 2 |[39m [36mimport[39m { useRouter } [36mfrom[39m [32m'next/router'[39m[0m
[0m [90m 3 |[39m [36mimport[39m { login } [36mfrom[39m [32m'../../lib/api'[39m[0m
[0m[31m[1m>[22m[39m[90m 4 |[39m [36mimport[39m [33mBox[39m [36mfrom[39m [32m'@mui/material/Box'[39m[0m
[0m [90m   |[39m [31m[1m^[22m[39m[0m
[0m [90m 5 |[39m [36mimport[39m [33mCard[39m [36mfrom[39m [32m'@mui/material/Card'[39m[0m
[0m [90m 6 |[39m [36mimport[39m [33mCardContent[39m [36mfrom[39m [32m'@mui/material/CardContent'[39m[0m
[0m [90m 7 |[39m [36mimport[39m [33mTextField[39m [36mfrom[39m [32m'@mui/material/TextField'[39m[0m

https://nextjs.org/docs/messages/module-not-found
 ⨯ ./pages/admin/login.js:4:1
Module not found: Can't resolve '@mui/material/Box'
[0m [90m 2 |[39m [36mimport[39m { useRouter } [36mfrom[39m [32m'next/router'[39m[0m
[0m [90m 3 |[39m [36mimport[39m { login } [36mfrom[39m [32m'../../lib/api'[39m[0m
[0m[31m[1m>[22m[39m[90m 4 |[39m [36mimport[39m [33mBox[39m [36mfrom[39m [32m'@mui/material/Box'[39m[0m
[0m [90m   |[39m [31m[1m^[22m[39m[0m
[0m [90m 5 |[39m [36mimport[39m [33mCard[39m [36mfrom[39m [32m'@mui/material/Card'[39m[0m
[0m [90m 6 |[39m [36mimport[39m [33mCardContent[39m [36mfrom[39m [32m'@mui/material/CardContent'[39m[0m
[0m [90m 7 |[39m [36mimport[39m [33mTextField[39m [36mfrom[39m [32m'@mui/material/TextField'[39m[0m

https://nextjs.org/docs/messages/module-not-found
 GET /admin/login 500 in 2966ms
 ○ Compiling /_error ...
<w> [webpack.cache.PackFileCacheStrategy] Caching failed for pack: Error: ENOENT: no such file or directory, lstat '/workspaces/pscms-frontend/frontend/.next/server/pages'
<w> [webpack.cache.PackFileCacheStrategy/webpack.FileSystemInfo] Resolving '../../../../.next/server/pages/admin/login' in /workspaces/pscms-frontend/frontend/node_modules/next/dist/server for build dependencies doesn't lead to expected result '/workspaces/pscms-frontend/frontend/.next/server/pages/admin/login.js', but to 'Error: Can't resolve '../../../../.next/server/pages/admin/login' in '/workspaces/pscms-frontend/frontend/node_modules/next/dist/server'' instead. Resolving dependencies are ignored for this path.
<w>  at resolve commonjs file ../../../../.next/server/pages/admin/login (expected /workspaces/pscms-frontend/frontend/.next/server/pages/admin/login.js)
<w>  at file dependencies /workspaces/pscms-frontend/frontend/node_modules/next/dist/server/require.js
<w>  at file /workspaces/pscms-frontend/frontend/node_modules/next/dist/server/require.js
<w>  at file dependencies /workspaces/pscms-frontend/frontend/node_modules/next/dist/server/load-components.js
<w>  at file /workspaces/pscms-frontend/frontend/node_modules/next/dist/server/load-components.js
<w>  at file dependencies /workspaces/pscms-frontend/frontend/node_modules/next/dist/build/utils.js
<w>  at file /workspaces/pscms-frontend/frontend/node_modules/next/dist/build/utils.js
<w>  at file dependencies /workspaces/pscms-frontend/frontend/node_modules/next/dist/build/handle-externals.js
<w>  at file /workspaces/pscms-frontend/frontend/node_modules/next/dist/build/handle-externals.js
<w>  at file dependencies /workspaces/pscms-frontend/frontend/node_modules/next/dist/build/webpack/loaders/next-swc-loader.js
<w>  at file /workspaces/pscms-frontend/frontend/node_modules/next/dist/build/webpack/loaders/next-swc-loader.js
<w>  at resolve commonjs /workspaces/pscms-frontend/frontend/node_modules/next/dist/build/webpack/loaders/next-swc-loader.js
<w> [webpack.cache.PackFileCacheStrategy/webpack.FileSystemInfo] Resolving '../../../../.next/server/pages/_app' in /workspaces/pscms-frontend/frontend/node_modules/next/dist/server for build dependencies doesn't lead to expected result '/workspaces/pscms-frontend/frontend/.next/server/pages/_app.js', but to 'Error: Can't resolve '../../../../.next/server/pages/_app' in '/workspaces/pscms-frontend/frontend/node_modules/next/dist/server'' instead. Resolving dependencies are ignored for this path.
<w>  at resolve commonjs file ../../../../.next/server/pages/_app (expected /workspaces/pscms-frontend/frontend/.next/server/pages/_app.js)
<w>  at file dependencies /workspaces/pscms-frontend/frontend/node_modules/next/dist/server/require.js
<w>  at file /workspaces/pscms-frontend/frontend/node_modules/next/dist/server/require.js
<w>  at file dependencies /workspaces/pscms-frontend/frontend/node_modules/next/dist/server/load-components.js
<w>  at file /workspaces/pscms-frontend/frontend/node_modules/next/dist/server/load-components.js
<w>  at file dependencies /workspaces/pscms-frontend/frontend/node_modules/next/dist/build/utils.js
<w>  at file /workspaces/pscms-frontend/frontend/node_modules/next/dist/build/utils.js
<w>  at file dependencies /workspaces/pscms-frontend/frontend/node_modules/next/dist/build/handle-externals.js
<w>  at file /workspaces/pscms-frontend/frontend/node_modules/next/dist/build/handle-externals.js
<w>  at file dependencies /workspaces/pscms-frontend/frontend/node_modules/next/dist/build/webpack/loaders/next-swc-loader.js
<w>  at file /workspaces/pscms-frontend/frontend/node_modules/next/dist/build/webpack/loaders/next-swc-loader.js
<w>  at resolve commonjs /workspaces/pscms-frontend/frontend/node_modules/next/dist/build/webpack/loaders/next-swc-loader.js
<w> [webpack.cache.PackFileCacheStrategy] Caching failed for pack: Error: ENOENT: no such file or directory, lstat '/workspaces/pscms-frontend/frontend/.next/server/pages'
<w> [webpack.cache.PackFileCacheStrategy/webpack.FileSystemInfo] Resolving '../../../../.next/server/pages/_app' in /workspaces/pscms-frontend/frontend/node_modules/next/dist/server for build dependencies doesn't lead to expected result '/workspaces/pscms-frontend/frontend/.next/server/pages/_app.js', but to 'Error: Can't resolve '../../../../.next/server/pages/_app' in '/workspaces/pscms-frontend/frontend/node_modules/next/dist/server'' instead. Resolving dependencies are ignored for this path.
<w>  at resolve commonjs file ../../../../.next/server/pages/_app (expected /workspaces/pscms-frontend/frontend/.next/server/pages/_app.js)
<w>  at file dependencies /workspaces/pscms-frontend/frontend/node_modules/next/dist/server/require.js
<w>  at file /workspaces/pscms-frontend/frontend/node_modules/next/dist/server/require.js
<w>  at file dependencies /workspaces/pscms-frontend/frontend/node_modules/next/dist/server/load-components.js
<w>  at file /workspaces/pscms-frontend/frontend/node_modules/next/dist/server/load-components.js
<w>  at file dependencies /workspaces/pscms-frontend/frontend/node_modules/next/dist/build/utils.js
<w>  at file /workspaces/pscms-frontend/frontend/node_modules/next/dist/build/utils.js
<w>  at file dependencies /workspaces/pscms-frontend/frontend/node_modules/next/dist/build/webpack/loaders/next-route-loader/index.js
<w>  at file /workspaces/pscms-frontend/frontend/node_modules/next/dist/build/webpack/loaders/next-route-loader/index.js
<w>  at file dependencies /workspaces/pscms-frontend/frontend/node_modules/next/dist/compiled/loader-runner/LoaderRunner.js
<w>  at file /workspaces/pscms-frontend/frontend/node_modules/next/dist/compiled/loader-runner/LoaderRunner.js
<w>  at file dependencies /workspaces/pscms-frontend/frontend/node_modules/next/dist/compiled/webpack/bundle5.js
<w>  at file /workspaces/pscms-frontend/frontend/node_modules/next/dist/compiled/webpack/bundle5.js
<w>  at file dependencies /workspaces/pscms-frontend/frontend/node_modules/next/dist/compiled/webpack/webpack.js
<w>  at file /workspaces/pscms-frontend/frontend/node_modules/next/dist/compiled/webpack/webpack.js
<w>  at file dependencies /workspaces/pscms-frontend/frontend/node_modules/next/dist/build/webpack/plugins/define-env-plugin.js
<w>  at file /workspaces/pscms-frontend/frontend/node_modules/next/dist/build/webpack/plugins/define-env-plugin.js
<w>  at file dependencies /workspaces/pscms-frontend/frontend/node_modules/next/dist/build/swc/index.js
<w>  at file /workspaces/pscms-frontend/frontend/node_modules/next/dist/build/swc/index.js
<w>  at file dependencies /workspaces/pscms-frontend/frontend/node_modules/next/dist/build/webpack/loaders/next-swc-loader.js
<w>  at file /workspaces/pscms-frontend/frontend/node_modules/next/dist/build/webpack/loaders/next-swc-loader.js
<w>  at resolve commonjs /workspaces/pscms-frontend/frontend/node_modules/next/dist/build/webpack/loaders/next-swc-loader.js
<w> [webpack.cache.PackFileCacheStrategy/webpack.FileSystemInfo] Resolving '../../../../.next/server/pages/admin/login' in /workspaces/pscms-frontend/frontend/node_modules/next/dist/server for build dependencies doesn't lead to expected result '/workspaces/pscms-frontend/frontend/.next/server/pages/admin/login.js', but to 'Error: Can't resolve '../../../../.next/server/pages/admin/login' in '/workspaces/pscms-frontend/frontend/node_modules/next/dist/server'' instead. Resolving dependencies are ignored for this path.
<w>  at resolve commonjs file ../../../../.next/server/pages/admin/login (expected /workspaces/pscms-frontend/frontend/.next/server/pages/admin/login.js)
<w>  at file dependencies /workspaces/pscms-frontend/frontend/node_modules/next/dist/server/require.js
<w>  at file /workspaces/pscms-frontend/frontend/node_modules/next/dist/server/require.js
<w>  at file dependencies /workspaces/pscms-frontend/frontend/node_modules/next/dist/server/load-components.js
<w>  at file /workspaces/pscms-frontend/frontend/node_modules/next/dist/server/load-components.js
<w>  at file dependencies /workspaces/pscms-frontend/frontend/node_modules/next/dist/build/utils.js
<w>  at file /workspaces/pscms-frontend/frontend/node_modules/next/dist/build/utils.js
<w>  at file dependencies /workspaces/pscms-frontend/frontend/node_modules/next/dist/build/webpack/loaders/next-route-loader/index.js
<w>  at file /workspaces/pscms-frontend/frontend/node_modules/next/dist/build/webpack/loaders/next-route-loader/index.js
<w>  at file dependencies /workspaces/pscms-frontend/frontend/node_modules/next/dist/compiled/loader-runner/LoaderRunner.js
<w>  at file /workspaces/pscms-frontend/frontend/node_modules/next/dist/compiled/loader-runner/LoaderRunner.js
<w>  at file dependencies /workspaces/pscms-frontend/frontend/node_modules/next/dist/compiled/webpack/bundle5.js
<w>  at file /workspaces/pscms-frontend/frontend/node_modules/next/dist/compiled/webpack/bundle5.js
<w>  at file dependencies /workspaces/pscms-frontend/frontend/node_modules/next/dist/compiled/webpack/webpack.js
<w>  at file /workspaces/pscms-frontend/frontend/node_modules/next/dist/compiled/webpack/webpack.js
<w>  at file dependencies /workspaces/pscms-frontend/frontend/node_modules/next/dist/build/webpack/plugins/define-env-plugin.js
<w>  at file /workspaces/pscms-frontend/frontend/node_modules/next/dist/build/webpack/plugins/define-env-plugin.js
<w>  at file dependencies /workspaces/pscms-frontend/frontend/node_modules/next/dist/build/swc/index.js
<w>  at file /workspaces/pscms-frontend/frontend/node_modules/next/dist/build/swc/index.js
<w>  at file dependencies /workspaces/pscms-frontend/frontend/node_modules/next/dist/build/webpack/loaders/next-swc-loader.js
<w>  at file /workspaces/pscms-frontend/frontend/node_modules/next/dist/build/webpack/loaders/next-swc-loader.js
<w>  at resolve commonjs /workspaces/pscms-frontend/frontend/node_modules/next/dist/build/webpack/loaders/next-swc-loader.js
<w> [webpack.cache.PackFileCacheStrategy/webpack.FileSystemInfo] Resolving '../../../../.next/server/pages/_document' in /workspaces/pscms-frontend/frontend/node_modules/next/dist/server for build dependencies doesn't lead to expected result '/workspaces/pscms-frontend/frontend/.next/server/pages/_document.js', but to 'Error: Can't resolve '../../../../.next/server/pages/_document' in '/workspaces/pscms-frontend/frontend/node_modules/next/dist/server'' instead. Resolving dependencies are ignored for this path.
<w>  at resolve commonjs file ../../../../.next/server/pages/_document (expected /workspaces/pscms-frontend/frontend/.next/server/pages/_document.js)
<w>  at file dependencies /workspaces/pscms-frontend/frontend/node_modules/next/dist/server/require.js
<w>  at file /workspaces/pscms-frontend/frontend/node_modules/next/dist/server/require.js
<w>  at file dependencies /workspaces/pscms-frontend/frontend/node_modules/next/dist/server/load-components.js
<w>  at file /workspaces/pscms-frontend/frontend/node_modules/next/dist/server/load-components.js
<w>  at file dependencies /workspaces/pscms-frontend/frontend/node_modules/next/dist/build/utils.js
<w>  at file /workspaces/pscms-frontend/frontend/node_modules/next/dist/build/utils.js
<w>  at file dependencies /workspaces/pscms-frontend/frontend/node_modules/next/dist/build/webpack/loaders/next-route-loader/index.js
<w>  at file /workspaces/pscms-frontend/frontend/node_modules/next/dist/build/webpack/loaders/next-route-loader/index.js
<w>  at file dependencies /workspaces/pscms-frontend/frontend/node_modules/next/dist/compiled/loader-runner/LoaderRunner.js
<w>  at file /workspaces/pscms-frontend/frontend/node_modules/next/dist/compiled/loader-runner/LoaderRunner.js
<w>  at file dependencies /workspaces/pscms-frontend/frontend/node_modules/next/dist/compiled/webpack/bundle5.js
<w>  at file /workspaces/pscms-frontend/frontend/node_modules/next/dist/compiled/webpack/bundle5.js
<w>  at file dependencies /workspaces/pscms-frontend/frontend/node_modules/next/dist/compiled/webpack/webpack.js
<w>  at file /workspaces/pscms-frontend/frontend/node_modules/next/dist/compiled/webpack/webpack.js
<w>  at file dependencies /workspaces/pscms-frontend/frontend/node_modules/next/dist/build/webpack/plugins/define-env-plugin.js
<w>  at file /workspaces/pscms-frontend/frontend/node_modules/next/dist/build/webpack/plugins/define-env-plugin.js
<w>  at file dependencies /workspaces/pscms-frontend/frontend/node_modules/next/dist/build/swc/index.js
<w>  at file /workspaces/pscms-frontend/frontend/node_modules/next/dist/build/swc/index.js
<w>  at file dependencies /workspaces/pscms-frontend/frontend/node_modules/next/dist/build/webpack/loaders/next-swc-loader.js
<w>  at file /workspaces/pscms-frontend/frontend/node_modules/next/dist/build/webpack/loaders/next-swc-loader.js
<w>  at resolve commonjs /workspaces/pscms-frontend/frontend/node_modules/next/dist/build/webpack/loaders/next-swc-loader.js
 ⨯ ./pages/admin/login.js:4:1
Module not found: Can't resolve '@mui/material/Box'
[0m [90m 2 |[39m [36mimport[39m { useRouter } [36mfrom[39m [32m'next/router'[39m[0m
[0m [90m 3 |[39m [36mimport[39m { login } [36mfrom[39m [32m'../../lib/api'[39m[0m
[0m[31m[1m>[22m[39m[90m 4 |[39m [36mimport[39m [33mBox[39m [36mfrom[39m [32m'@mui/material/Box'[39m[0m
[0m [90m   |[39m [31m[1m^[22m[39m[0m
[0m [90m 5 |[39m [36mimport[39m [33mCard[39m [36mfrom[39m [32m'@mui/material/Card'[39m[0m
[0m [90m 6 |[39m [36mimport[39m [33mCardContent[39m [36mfrom[39m [32m'@mui/material/CardContent'[39m[0m
[0m [90m 7 |[39m [36mimport[39m [33mTextField[39m [36mfrom[39m [32m'@mui/material/TextField'[39m[0m

https://nextjs.org/docs/messages/module-not-found
<w> [webpack.cache.PackFileCacheStrategy] Caching failed for pack: Error: ENOENT: no such file or directory, rename '/workspaces/pscms-frontend/frontend/.next/cache/webpack/client-development-fallback/1.pack.gz_' -> '/workspaces/pscms-frontend/frontend/.next/cache/webpack/client-development-fallback/1.pack.gz'
[?25h
